2026-07-08 22:28:07,233 - [Audio] 可用音频输出设备数=2, 默认设备='内置音频 模拟立体声'
2026-07-08 22:28:07,233 -   设备0: 内置音频 模拟立体声
2026-07-08 22:28:07,233 -   设备1: Ellesmere HDMI Audio [Radeon RX 470/480 / 570/580/590] Digital Stereo (HDMI 4)
2026-07-08 22:28:07,233 - [Audio] 使用默认音频设备创建 QAudioOutput
2026-07-08 22:28:07,233 - [Audio] 设置初始音量: 1.0 (原始配置: 100%)
2026-07-08 22:28:07,233 - [Audio] 成功绑定 QAudioOutput 到 QMediaPlayer
2026-07-08 22:28:07,399 - [Playlist] 当前目录视频数=2, 阈值N=40, 目录=/home/sun
2026-07-08 22:28:07,417 - [Playlist] 扫描目录完成：文件数=2, 目录=/home/sun
2026-07-08 22:28:18,044 - [Audio] 可用音频输出设备数=2, 默认设备='内置音频 模拟立体声'
2026-07-08 22:28:18,044 -   设备0: 内置音频 模拟立体声
2026-07-08 22:28:18,044 -   设备1: Ellesmere HDMI Audio [Radeon RX 470/480 / 570/580/590] Digital Stereo (HDMI 4)
2026-07-08 22:28:18,044 - [Audio] 使用默认音频设备创建 QAudioOutput
2026-07-08 22:28:18,044 - [Audio] 设置初始音量: 1.0 (原始配置: 100%)
2026-07-08 22:28:18,044 - [Audio] 成功绑定 QAudioOutput 到 QMediaPlayer
2026-07-08 22:28:18,250 - [Playlist] 当前目录视频数=2, 阈值N=40, 目录=/home/sun
2026-07-08 22:28:18,275 - [Playlist] 扫描目录完成：文件数=2, 目录=/home/sun
2026-07-08 22:28:18,804 - MPV 轮询异常: timed out
2026-07-08 22:28:18,941 - [Video] 加载视频: /home/sun/1231231231231.mp4
2026-07-08 22:28:18,942 - [Audio] 重新确认音频输出绑定
2026-07-08 22:28:18,942 - [Audio] 设置音量: 1.0 (100%)
2026-07-08 22:28:18,942 - [Audio] 加载视频后设置音量: 100%
2026-07-08 22:28:18,942 - [Video] 开始播放
2026-07-08 22:28:20,089 - === 音频状态诊断 ===
✓ QAudioOutput 存在，音量: 1.00
✓ 播放器已绑定音频输出
✓ 系统音频输出设备数: 2
✓ 默认音频设备: 内置音频 模拟立体声
2026-07-08 22:28:27,163 - [Audio] 可用音频输出设备数=2, 默认设备='内置音频 模拟立体声'
2026-07-08 22:28:27,164 -   设备0: 内置音频 模拟立体声
2026-07-08 22:28:27,164 -   设备1: Ellesmere HDMI Audio [Radeon RX 470/480 / 570/580/590] Digital Stereo (HDMI 4)
2026-07-08 22:28:27,164 - [Audio] 使用默认音频设备创建 QAudioOutput
2026-07-08 22:28:27,164 - [Audio] 设置初始音量: 1.0 (原始配置: 100%)
2026-07-08 22:28:27,164 - [Audio] 成功绑定 QAudioOutput 到 QMediaPlayer
2026-07-08 22:28:27,333 - [Playlist] 当前目录视频数=28, 阈值N=40, 目录=/home/sun/视频
2026-07-08 22:28:27,348 - [Playlist] 扫描目录完成：文件数=28, 目录=/home/sun/视频
2026-07-08 22:28:34,115 - [Audio] 可用音频输出设备数=2, 默认设备='内置音频 模拟立体声'
2026-07-08 22:28:34,116 -   设备0: 内置音频 模拟立体声
2026-07-08 22:28:34,116 -   设备1: Ellesmere HDMI Audio [Radeon RX 470/480 / 570/580/590] Digital Stereo (HDMI 4)
2026-07-08 22:28:34,116 - [Audio] 使用默认音频设备创建 QAudioOutput
2026-07-08 22:28:34,116 - [Audio] 设置初始音量: 1.0 (原始配置: 100%)
2026-07-08 22:28:34,116 - [Audio] 成功绑定 QAudioOutput 到 QMediaPlayer
2026-07-08 22:28:34,275 - [Playlist] 当前目录视频数=28, 阈值N=40, 目录=/home/sun/视频
2026-07-08 22:28:34,294 - [Playlist] 扫描目录完成：文件数=28, 目录=/home/sun/视频
2026-07-08 22:28:40,924 - [Audio] 可用音频输出设备数=2, 默认设备='内置音频 模拟立体声'
2026-07-08 22:28:40,924 -   设备0: 内置音频 模拟立体声
2026-07-08 22:28:40,925 -   设备1: Ellesmere HDMI Audio [Radeon RX 470/480 / 570/580/590] Digital Stereo (HDMI 4)
2026-07-08 22:28:40,925 - [Audio] 使用默认音频设备创建 QAudioOutput
2026-07-08 22:28:40,925 - [Audio] 设置初始音量: 1.0 (原始配置: 100%)
2026-07-08 22:28:40,925 - [Audio] 成功绑定 QAudioOutput 到 QMediaPlayer
2026-07-08 22:28:41,085 - [Playlist] 当前目录视频数=28, 阈值N=40, 目录=/home/sun/视频
2026-07-08 22:28:41,100 - [Playlist] 扫描目录完成：文件数=28, 目录=/home/sun/视频
2026-07-08 22:33:34,099 - [Audio] 可用音频输出设备数=2, 默认设备='内置音频 模拟立体声'
2026-07-08 22:33:34,099 -   设备0: 内置音频 模拟立体声
2026-07-08 22:33:34,099 -   设备1: Ellesmere HDMI Audio [Radeon RX 470/480 / 570/580/590] Digital Stereo (HDMI 4)
2026-07-08 22:33:34,099 - [Audio] 使用默认音频设备创建 QAudioOutput
2026-07-08 22:33:34,099 - [Audio] 设置初始音量: 1.0 (原始配置: 100%)
2026-07-08 22:33:34,099 - [Audio] 成功绑定 QAudioOutput 到 QMediaPlayer
2026-07-08 22:33:34,264 - [Playlist] 当前目录视频数=28, 阈值N=40, 目录=/home/sun/视频
2026-07-08 22:33:34,286 - [Playlist] 扫描目录完成：文件数=28, 目录=/home/sun/视频
